This is pdfTeX, Version 3.141592653-2.6-1.40.22 (TeX Live 2022/dev/Debian) (preloaded format=pdflatex 2024.9.25)  30 DEC 2024 08:25
entering extended mode
 restricted \write18 enabled.
 %&-line parsing enabled.
**hw_soln_1.tex
(./hw_soln_1.tex
LaTeX2e <2021-11-15> patch level 1
L3 programming layer <2022-01-21>
(/usr/share/texlive/texmf-dist/tex/latex/base/article.cls
Document Class: article 2021/10/04 v1.4n Standard LaTeX document class
(/usr/share/texlive/texmf-dist/tex/latex/base/size10.clo
File: size10.clo 2021/10/04 v1.4n Standard LaTeX file (size option)
)
\c@part=\count185
\c@section=\count186
\c@subsection=\count187
\c@subsubsection=\count188
\c@paragraph=\count189
\c@subparagraph=\count190
\c@figure=\count191
\c@table=\count192
\abovecaptionskip=\skip47
\belowcaptionskip=\skip48
\bibindent=\dimen138
)
(/usr/share/texlive/texmf-dist/tex/latex/graphics/graphicx.sty
Package: graphicx 2021/09/16 v1.2d Enhanced LaTeX Graphics (DPC,SPQR)

(/usr/share/texlive/texmf-dist/tex/latex/graphics/keyval.sty
Package: keyval 2014/10/28 v1.15 key=value parser (DPC)
\KV@toks@=\toks16
)
(/usr/share/texlive/texmf-dist/tex/latex/graphics/graphics.sty
Package: graphics 2021/03/04 v1.4d Standard LaTeX Graphics (DPC,SPQR)

(/usr/share/texlive/texmf-dist/tex/latex/graphics/trig.sty
Package: trig 2021/08/11 v1.11 sin cos tan (DPC)
)
(/usr/share/texlive/texmf-dist/tex/latex/graphics-cfg/graphics.cfg
File: graphics.cfg 2016/06/04 v1.11 sample graphics configuration
)
Package graphics Info: Driver file: pdftex.def on input line 107.

(/usr/share/texlive/texmf-dist/tex/latex/graphics-def/pdftex.def
File: pdftex.def 2020/10/05 v1.2a Graphics/color driver for pdftex
))
\Gin@req@height=\dimen139
\Gin@req@width=\dimen140
)
(/usr/share/texlive/texmf-dist/tex/latex/pdfpages/pdfpages.sty
Package: pdfpages 2022/01/29 v0.5u Insert pages of external PDF documents (AM)

(/usr/share/texlive/texmf-dist/tex/latex/base/ifthen.sty
Package: ifthen 2020/11/24 v1.1c Standard LaTeX ifthen package (DPC)
)
(/usr/share/texlive/texmf-dist/tex/latex/tools/calc.sty
Package: calc 2017/05/25 v4.3 Infix arithmetic (KKT,FJ)
\calc@Acount=\count193
\calc@Bcount=\count194
\calc@Adimen=\dimen141
\calc@Bdimen=\dimen142
\calc@Askip=\skip49
\calc@Bskip=\skip50
LaTeX Info: Redefining \setlength on input line 80.
LaTeX Info: Redefining \addtolength on input line 81.
\calc@Ccount=\count195
\calc@Cskip=\skip51
)
(/usr/share/texlive/texmf-dist/tex/latex/eso-pic/eso-pic.sty
Package: eso-pic 2020/10/14 v3.0a eso-pic (RN)
\ESO@tempdima=\dimen143
\ESO@tempdimb=\dimen144

(/usr/share/texlive/texmf-dist/tex/latex/xcolor/xcolor.sty
Package: xcolor 2021/10/31 v2.13 LaTeX color extensions (UK)

(/usr/share/texlive/texmf-dist/tex/latex/graphics-cfg/color.cfg
File: color.cfg 2016/01/02 v1.6 sample color configuration
)
Package xcolor Info: Driver file: pdftex.def on input line 227.
Package xcolor Info: Model `cmy' substituted by `cmy0' on input line 1352.
Package xcolor Info: Model `hsb' substituted by `rgb' on input line 1356.
Package xcolor Info: Model `RGB' extended on input line 1368.
Package xcolor Info: Model `HTML' substituted by `rgb' on input line 1370.
Package xcolor Info: Model `Hsb' substituted by `hsb' on input line 1371.
Package xcolor Info: Model `tHsb' substituted by `hsb' on input line 1372.
Package xcolor Info: Model `HSB' substituted by `hsb' on input line 1373.
Package xcolor Info: Model `Gray' substituted by `gray' on input line 1374.
Package xcolor Info: Model `wave' substituted by `hsb' on input line 1375.
))
\AM@pagewidth=\dimen145
\AM@pageheight=\dimen146
\AM@fboxrule=\dimen147

(/usr/share/texlive/texmf-dist/tex/latex/pdfpages/pppdftex.def
File: pppdftex.def 2022/01/29 v0.5u Pdfpages driver for pdfTeX (AM)
)
\pdfpages@includegraphics@status=\count196
\AM@pagebox=\box50
\AM@global@opts=\toks17
\AM@pagecnt=\count197
\AM@toc@title=\toks18
\c@AM@survey=\count198
\AM@templatesizebox=\box51
)
(/usr/share/texlive/texmf-dist/tex/latex/l3backend/l3backend-pdftex.def
File: l3backend-pdftex.def 2022-01-12 L3 backend support: PDF output (pdfTeX)
\l__color_backend_stack_int=\count199
\l__pdf_internal_box=\box52
)
(./hw_soln_1.aux)
\openout1 = `hw_soln_1.aux'.

LaTeX Font Info:    Checking defaults for OML/cmm/m/it on input line 8.
LaTeX Font Info:    ... okay on input line 8.
LaTeX Font Info:    Checking defaults for OMS/cmsy/m/n on input line 8.
LaTeX Font Info:    ... okay on input line 8.
LaTeX Font Info:    Checking defaults for OT1/cmr/m/n on input line 8.
LaTeX Font Info:    ... okay on input line 8.
LaTeX Font Info:    Checking defaults for T1/cmr/m/n on input line 8.
LaTeX Font Info:    ... okay on input line 8.
LaTeX Font Info:    Checking defaults for TS1/cmr/m/n on input line 8.
LaTeX Font Info:    ... okay on input line 8.
LaTeX Font Info:    Checking defaults for OMX/cmex/m/n on input line 8.
LaTeX Font Info:    ... okay on input line 8.
LaTeX Font Info:    Checking defaults for U/cmr/m/n on input line 8.
LaTeX Font Info:    ... okay on input line 8.

(/usr/share/texlive/texmf-dist/tex/context/base/mkii/supp-pdf.mkii
[Loading MPS to PDF converter (version 2006.09.02).]
\scratchcounter=\count266
\scratchdimen=\dimen148
\scratchbox=\box53
\nofMPsegments=\count267
\nofMParguments=\count268
\everyMPshowfont=\toks19
\MPscratchCnt=\count269
\MPscratchDim=\dimen149
\MPnumerator=\count270
\makeMPintoPDFobject=\count271
\everyMPtoPDFconversion=\toks20
) (/usr/share/texlive/texmf-dist/tex/latex/epstopdf-pkg/epstopdf-base.sty
Package: epstopdf-base 2020-01-24 v2.11 Base part for package epstopdf
Package epstopdf-base Info: Redefining graphics rule for `.eps' on input line 4
85.

(/usr/share/texlive/texmf-dist/tex/latex/latexconfig/epstopdf-sys.cfg
File: epstopdf-sys.cfg 2010/07/13 v1.3 Configuration of (r)epstopdf for TeX Liv
e
))
(/usr/share/texlive/texmf-dist/tex/latex/pdflscape/pdflscape.sty
Package: pdflscape 2019/12/05 v0.12 Display of landscape pages in PDF (HO)

(/usr/share/texlive/texmf-dist/tex/generic/iftex/iftex.sty
Package: iftex 2020/03/06 v1.0d TeX engine tests
)
(/usr/share/texlive/texmf-dist/tex/latex/graphics/lscape.sty
Package: lscape 2020/05/28 v3.02 Landscape Pages (DPC)
)
Package pdflscape Info: Auto-detected driver: pdftex on input line 81.
)
<Homework_1.pdf, id=1, 597.432pt x 845.07718pt>
File: Homework_1.pdf Graphic file (type pdf)
<use Homework_1.pdf>
Package pdftex.def Info: Homework_1.pdf  used on input line 9.
(pdftex.def)             Requested size: 597.43054pt x 845.07512pt.
File: Homework_1.pdf Graphic file (type pdf)
<use Homework_1.pdf>
Package pdftex.def Info: Homework_1.pdf  used on input line 9.
(pdftex.def)             Requested size: 597.43054pt x 845.07512pt.
<Homework_1.pdf, id=4, page=1, 597.432pt x 845.07718pt>
File: Homework_1.pdf Graphic file (type pdf)
<use Homework_1.pdf, page 1>
Package pdftex.def Info: Homework_1.pdf , page1 used on input line 9.
(pdftex.def)             Requested size: 597.43054pt x 845.07512pt.
File: Homework_1.pdf Graphic file (type pdf)
<use Homework_1.pdf, page 1>
Package pdftex.def Info: Homework_1.pdf , page1 used on input line 9.
(pdftex.def)             Requested size: 597.45789pt x 845.1138pt.
File: Homework_1.pdf Graphic file (type pdf)
<use Homework_1.pdf, page 1>
Package pdftex.def Info: Homework_1.pdf , page1 used on input line 9.
(pdftex.def)             Requested size: 597.45789pt x 845.1138pt.
File: Homework_1.pdf Graphic file (type pdf)
<use Homework_1.pdf, page 1>
Package pdftex.def Info: Homework_1.pdf , page1 used on input line 9.
(pdftex.def)             Requested size: 597.45789pt x 845.1138pt.
File: Homework_1.pdf Graphic file (type pdf)
<use Homework_1.pdf, page 1>
Package pdftex.def Info: Homework_1.pdf , page1 used on input line 9.
(pdftex.def)             Requested size: 597.45789pt x 845.1138pt.
 [1

 <./Homework_1.pdf>]
<screenshot001.png, id=52, 482.55281pt x 453.94594pt>
File: screenshot001.png Graphic file (type png)
<use screenshot001.png>
Package pdftex.def Info: screenshot001.png  used on input line 13.
(pdftex.def)             Requested size: 345.0pt x 324.55502pt.
<screenshot002.png, id=54, 509.65407pt x 332.74312pt>
File: screenshot002.png Graphic file (type png)
<use screenshot002.png>
Package pdftex.def Info: screenshot002.png  used on input line 17.
(pdftex.def)             Requested size: 345.0pt x 225.25194pt.
<screenshot003.png, id=55, 532.23843pt x 465.23813pt>
File: screenshot003.png Graphic file (type png)
<use screenshot003.png>
Package pdftex.def Info: screenshot003.png  used on input line 20.
(pdftex.def)             Requested size: 345.0pt x 301.57771pt.
 [2{/var/lib/texmf/fonts/map/pdftex/updmap/pdftex.map} <./screenshot001.png> <.
/screenshot002.png>]
<screenshot004.png, id=62, 536.75531pt x 310.91156pt>
File: screenshot004.png Graphic file (type png)
<use screenshot004.png>
Package pdftex.def Info: screenshot004.png  used on input line 24.
(pdftex.def)             Requested size: 345.0pt x 199.83664pt.
<screenshot006.png, id=63, 549.55313pt x 386.94562pt>
File: screenshot006.png Graphic file (type png)
<use screenshot006.png>
Package pdftex.def Info: screenshot006.png  used on input line 29.
(pdftex.def)             Requested size: 345.0pt x 242.9268pt.
 [3 <./screenshot003.png> <./screenshot004.png>]
<screenshot007.png, id=69, 549.55313pt x 386.94562pt>
File: screenshot007.png Graphic file (type png)
<use screenshot007.png>
Package pdftex.def Info: screenshot007.png  used on input line 33.
(pdftex.def)             Requested size: 345.0pt x 242.9268pt.
<screenshot008.png, id=70, 549.55313pt x 386.94562pt>
File: screenshot008.png Graphic file (type png)
<use screenshot008.png>
Package pdftex.def Info: screenshot008.png  used on input line 37.
(pdftex.def)             Requested size: 345.0pt x 242.9268pt.

[4 <./screenshot006.png> <./screenshot007.png>] [5 <./screenshot008.png>]
<Homework_2.pdf, id=80, 597.432pt x 845.07718pt>
File: Homework_2.pdf Graphic file (type pdf)
<use Homework_2.pdf>
Package pdftex.def Info: Homework_2.pdf  used on input line 42.
(pdftex.def)             Requested size: 597.43054pt x 845.07512pt.
File: Homework_2.pdf Graphic file (type pdf)
<use Homework_2.pdf>
Package pdftex.def Info: Homework_2.pdf  used on input line 42.
(pdftex.def)             Requested size: 597.43054pt x 845.07512pt.
<Homework_2.pdf, id=83, page=1, 597.432pt x 845.07718pt>
File: Homework_2.pdf Graphic file (type pdf)
<use Homework_2.pdf, page 1>
Package pdftex.def Info: Homework_2.pdf , page1 used on input line 42.
(pdftex.def)             Requested size: 597.43054pt x 845.07512pt.
File: Homework_2.pdf Graphic file (type pdf)
<use Homework_2.pdf, page 1>
Package pdftex.def Info: Homework_2.pdf , page1 used on input line 42.
(pdftex.def)             Requested size: 597.45789pt x 845.1138pt.
File: Homework_2.pdf Graphic file (type pdf)
<use Homework_2.pdf, page 1>
Package pdftex.def Info: Homework_2.pdf , page1 used on input line 42.
(pdftex.def)             Requested size: 597.45789pt x 845.1138pt.
File: Homework_2.pdf Graphic file (type pdf)
<use Homework_2.pdf, page 1>
Package pdftex.def Info: Homework_2.pdf , page1 used on input line 42.
(pdftex.def)             Requested size: 597.45789pt x 845.1138pt.
File: Homework_2.pdf Graphic file (type pdf)
<use Homework_2.pdf, page 1>
Package pdftex.def Info: Homework_2.pdf , page1 used on input line 42.
(pdftex.def)             Requested size: 597.45789pt x 845.1138pt.

[6 <./Homework_2.pdf>]
<Homework_2.pdf, id=131, page=2, 597.432pt x 845.07718pt>
File: Homework_2.pdf Graphic file (type pdf)
<use Homework_2.pdf, page 2>
Package pdftex.def Info: Homework_2.pdf , page2 used on input line 42.
(pdftex.def)             Requested size: 597.45789pt x 845.1138pt.
File: Homework_2.pdf Graphic file (type pdf)
<use Homework_2.pdf, page 2>
Package pdftex.def Info: Homework_2.pdf , page2 used on input line 42.
(pdftex.def)             Requested size: 597.45789pt x 845.1138pt.
File: Homework_2.pdf Graphic file (type pdf)
<use Homework_2.pdf, page 2>
Package pdftex.def Info: Homework_2.pdf , page2 used on input line 42.
(pdftex.def)             Requested size: 597.45789pt x 845.1138pt.
 [7 <./Homework_2.pdf>]
<screenshot009.png, id=143, 590.205pt x 445.665pt>
File: screenshot009.png Graphic file (type png)
<use screenshot009.png>
Package pdftex.def Info: screenshot009.png  used on input line 45.
(pdftex.def)             Requested size: 345.0pt x 260.51236pt.
<screenshot010.png, id=144, 622.57594pt x 471.26062pt>
File: screenshot010.png Graphic file (type png)
<use screenshot010.png>
Package pdftex.def Info: screenshot010.png  used on input line 49.
(pdftex.def)             Requested size: 345.0pt x 261.15005pt.
<screenshot011.png, id=145, 642.14906pt x 271.0125pt>
File: screenshot011.png Graphic file (type png)
<use screenshot011.png>
Package pdftex.def Info: screenshot011.png  used on input line 52.
(pdftex.def)             Requested size: 345.0pt x 145.60847pt.
 [8 <./screenshot009.png> <./screenshot010.png>]
<screenshot012.png, id=151, 499.11469pt x 556.32843pt>
File: screenshot012.png Graphic file (type png)
<use screenshot012.png>
Package pdftex.def Info: screenshot012.png  used on input line 55.
(pdftex.def)             Requested size: 345.0pt x 384.55463pt.
<screenshot013.png, id=152, 483.30562pt x 62.48344pt>
File: screenshot013.png Graphic file (type png)
<use screenshot013.png>
Package pdftex.def Info: screenshot013.png  used on input line 59.
(pdftex.def)             Requested size: 345.0pt x 44.60475pt.
<screenshot014.png, id=153, 536.75531pt x 530.73282pt>
File: screenshot014.png Graphic file (type png)
<use screenshot014.png>
Package pdftex.def Info: screenshot014.png  used on input line 62.
(pdftex.def)             Requested size: 345.0pt x 341.12553pt.
 [9 <./screenshot011.png> <./screenshot012.png> <./screenshot013.png>]
<screenshot016.png, id=160, 587.19376pt x 271.76532pt>
File: screenshot016.png Graphic file (type png)
<use screenshot016.png>
Package pdftex.def Info: screenshot016.png  used on input line 65.
(pdftex.def)             Requested size: 345.0pt x 159.6725pt.
<screenshot017.png, id=161, 536.75531pt x 448.67625pt>
File: screenshot017.png Graphic file (type png)
<use screenshot017.png>
Package pdftex.def Info: screenshot017.png  used on input line 70.
(pdftex.def)             Requested size: 345.0pt x 288.38414pt.
 [10 <./screenshot014.png> <./screenshot016.png>]
<screenshot018.png, id=167, 512.66531pt x 294.34969pt>
File: screenshot018.png Graphic file (type png)
<use screenshot018.png>
Package pdftex.def Info: screenshot018.png  used on input line 74.
(pdftex.def)             Requested size: 345.0pt x 198.08458pt.
<screenshot019.png, id=168, 512.66531pt x 294.34969pt>
File: screenshot019.png Graphic file (type png)
<use screenshot019.png>
Package pdftex.def Info: screenshot019.png  used on input line 78.
(pdftex.def)             Requested size: 345.0pt x 198.08458pt.
 [11 <./screenshot017.png> <./screenshot018.png>] [12 <./screenshot019.png>]
<Homework_3.pdf, id=178, 597.55258pt x 845.07718pt>
File: Homework_3.pdf Graphic file (type pdf)
<use Homework_3.pdf>
Package pdftex.def Info: Homework_3.pdf  used on input line 82.
(pdftex.def)             Requested size: 597.55112pt x 845.07512pt.
File: Homework_3.pdf Graphic file (type pdf)
<use Homework_3.pdf>
Package pdftex.def Info: Homework_3.pdf  used on input line 82.
(pdftex.def)             Requested size: 597.55112pt x 845.07512pt.
<Homework_3.pdf, id=181, page=1, 597.55258pt x 845.07718pt>
File: Homework_3.pdf Graphic file (type pdf)
<use Homework_3.pdf, page 1>
Package pdftex.def Info: Homework_3.pdf , page1 used on input line 82.
(pdftex.def)             Requested size: 597.55112pt x 845.07512pt.
File: Homework_3.pdf Graphic file (type pdf)
<use Homework_3.pdf, page 1>
Package pdftex.def Info: Homework_3.pdf , page1 used on input line 82.
(pdftex.def)             Requested size: 597.57846pt x 845.1138pt.
File: Homework_3.pdf Graphic file (type pdf)
<use Homework_3.pdf, page 1>
Package pdftex.def Info: Homework_3.pdf , page1 used on input line 82.
(pdftex.def)             Requested size: 597.57846pt x 845.1138pt.
File: Homework_3.pdf Graphic file (type pdf)
<use Homework_3.pdf, page 1>
Package pdftex.def Info: Homework_3.pdf , page1 used on input line 82.
(pdftex.def)             Requested size: 597.57846pt x 845.1138pt.
File: Homework_3.pdf Graphic file (type pdf)
<use Homework_3.pdf, page 1>
Package pdftex.def Info: Homework_3.pdf , page1 used on input line 82.
(pdftex.def)             Requested size: 597.57846pt x 845.1138pt.
 [13 <./Homework_3.pdf>]
<Homework_3.pdf, id=218, page=2, 597.55258pt x 845.07718pt>
File: Homework_3.pdf Graphic file (type pdf)
<use Homework_3.pdf, page 2>
Package pdftex.def Info: Homework_3.pdf , page2 used on input line 82.
(pdftex.def)             Requested size: 597.57846pt x 845.1138pt.
File: Homework_3.pdf Graphic file (type pdf)
<use Homework_3.pdf, page 2>
Package pdftex.def Info: Homework_3.pdf , page2 used on input line 82.
(pdftex.def)             Requested size: 597.57846pt x 845.1138pt.
File: Homework_3.pdf Graphic file (type pdf)
<use Homework_3.pdf, page 2>
Package pdftex.def Info: Homework_3.pdf , page2 used on input line 82.
(pdftex.def)             Requested size: 597.57846pt x 845.1138pt.

[14 <./Homework_3.pdf>]
<screenshot020.png, id=222, 668.4975pt x 498.36188pt>
File: screenshot020.png Graphic file (type png)
<use screenshot020.png>
Package pdftex.def Info: screenshot020.png  used on input line 85.
(pdftex.def)             Requested size: 345.0pt x 257.20294pt.
<screenshot021.png, id=223, 668.4975pt x 356.0803pt>
File: screenshot021.png Graphic file (type png)
<use screenshot021.png>
Package pdftex.def Info: screenshot021.png  used on input line 89.
(pdftex.def)             Requested size: 345.0pt x 183.77188pt.
<screenshot022.png, id=224, 671.50874pt x 405.01312pt>
File: screenshot022.png Graphic file (type png)
<use screenshot022.png>
Package pdftex.def Info: screenshot022.png  used on input line 94.
(pdftex.def)             Requested size: 345.0pt x 208.0804pt.
 [15 <./screenshot020.png> <./screenshot021.png>]
<screenshot023.png, id=230, 676.02562pt x 520.19344pt>
File: screenshot023.png Graphic file (type png)
<use screenshot023.png>
Package pdftex.def Info: screenshot023.png  used on input line 97.
(pdftex.def)             Requested size: 345.0pt x 265.47769pt.
<screenshot024.png, id=231, 606.01407pt x 494.59781pt>
File: screenshot024.png Graphic file (type png)
<use screenshot024.png>
Package pdftex.def Info: screenshot024.png  used on input line 101.
(pdftex.def)             Requested size: 345.0pt x 281.5765pt.

[16 <./screenshot022.png> <./screenshot023.png>]
<screenshot025.png, id=238, 603.0028pt x 258.21469pt>
File: screenshot025.png Graphic file (type png)
<use screenshot025.png>
Package pdftex.def Info: screenshot025.png  used on input line 105.
(pdftex.def)             Requested size: 345.0pt x 147.73155pt.
<screenshot026.png, id=239, 607.51968pt x 549.55313pt>
File: screenshot026.png Graphic file (type png)
<use screenshot026.png>
Package pdftex.def Info: screenshot026.png  used on input line 109.
(pdftex.def)             Requested size: 345.0pt x 312.08295pt.
 [17 <./screenshot024.png> <./screenshot025.png>]
<screenshot027.png, id=245, 508.90125pt x 51.19125pt>
File: screenshot027.png Graphic file (type png)
<use screenshot027.png>
Package pdftex.def Info: screenshot027.png  used on input line 115.
(pdftex.def)             Requested size: 345.0pt x 34.70569pt.
<screenshot028.png, id=246, 539.76656pt x 509.65407pt>
File: screenshot028.png Graphic file (type png)
<use screenshot028.png>
Package pdftex.def Info: screenshot028.png  used on input line 121.
(pdftex.def)             Requested size: 345.0pt x 325.75754pt.
 [18 <./screenshot026.png> <./screenshot027.png>]
<screenshot029.png, id=252, 547.2947pt x 257.46187pt>
File: screenshot029.png Graphic file (type png)
<use screenshot029.png>
Package pdftex.def Info: screenshot029.png  used on input line 124.
(pdftex.def)             Requested size: 345.0pt x 162.30003pt.
<screenshot030.png, id=253, 537.50812pt x 239.39438pt>
File: screenshot030.png Graphic file (type png)
<use screenshot030.png>
Package pdftex.def Info: screenshot030.png  used on input line 128.
(pdftex.def)             Requested size: 345.0pt x 153.65387pt.
 [19 <./screenshot028.png> <./screenshot029.png>]
<screenshot031.png, id=260, 520.94624pt x 392.96812pt>
File: screenshot031.png Graphic file (type png)
<use screenshot031.png>
Package pdftex.def Info: screenshot031.png  used on input line 131.
(pdftex.def)             Requested size: 345.0pt x 260.2472pt.
 [20 <./screenshot030.png> <./screenshot031.png>]
<Homework_4.pdf, id=266, 597.55246pt x 845.07718pt>
File: Homework_4.pdf Graphic file (type pdf)
<use Homework_4.pdf>
Package pdftex.def Info: Homework_4.pdf  used on input line 135.
(pdftex.def)             Requested size: 597.551pt x 845.07512pt.
File: Homework_4.pdf Graphic file (type pdf)
<use Homework_4.pdf>
Package pdftex.def Info: Homework_4.pdf  used on input line 135.
(pdftex.def)             Requested size: 597.551pt x 845.07512pt.
<Homework_4.pdf, id=269, page=1, 597.55246pt x 845.07718pt>
File: Homework_4.pdf Graphic file (type pdf)
<use Homework_4.pdf, page 1>
Package pdftex.def Info: Homework_4.pdf , page1 used on input line 135.
(pdftex.def)             Requested size: 597.551pt x 845.07512pt.
File: Homework_4.pdf Graphic file (type pdf)
<use Homework_4.pdf, page 1>
Package pdftex.def Info: Homework_4.pdf , page1 used on input line 135.
(pdftex.def)             Requested size: 597.57834pt x 845.1138pt.
File: Homework_4.pdf Graphic file (type pdf)
<use Homework_4.pdf, page 1>
Package pdftex.def Info: Homework_4.pdf , page1 used on input line 135.
(pdftex.def)             Requested size: 597.57834pt x 845.1138pt.
File: Homework_4.pdf Graphic file (type pdf)
<use Homework_4.pdf, page 1>
Package pdftex.def Info: Homework_4.pdf , page1 used on input line 135.
(pdftex.def)             Requested size: 597.57834pt x 845.1138pt.
File: Homework_4.pdf Graphic file (type pdf)
<use Homework_4.pdf, page 1>
Package pdftex.def Info: Homework_4.pdf , page1 used on input line 135.
(pdftex.def)             Requested size: 597.57834pt x 845.1138pt.
 [21 <./Homework_4.pdf>]
<Homework_4.pdf, id=302, page=2, 597.55246pt x 845.07718pt>
File: Homework_4.pdf Graphic file (type pdf)
<use Homework_4.pdf, page 2>
Package pdftex.def Info: Homework_4.pdf , page2 used on input line 135.
(pdftex.def)             Requested size: 597.57834pt x 845.1138pt.
File: Homework_4.pdf Graphic file (type pdf)
<use Homework_4.pdf, page 2>
Package pdftex.def Info: Homework_4.pdf , page2 used on input line 135.
(pdftex.def)             Requested size: 597.57834pt x 845.1138pt.
File: Homework_4.pdf Graphic file (type pdf)
<use Homework_4.pdf, page 2>
Package pdftex.def Info: Homework_4.pdf , page2 used on input line 135.
(pdftex.def)             Requested size: 597.57834pt x 845.1138pt.
 [22 <./Homework_4.pdf>]
<Homework_4.pdf, id=310, page=3, 597.55246pt x 845.07718pt>
File: Homework_4.pdf Graphic file (type pdf)
<use Homework_4.pdf, page 3>
Package pdftex.def Info: Homework_4.pdf , page3 used on input line 135.
(pdftex.def)             Requested size: 597.57834pt x 845.1138pt.
File: Homework_4.pdf Graphic file (type pdf)
<use Homework_4.pdf, page 3>
Package pdftex.def Info: Homework_4.pdf , page3 used on input line 135.
(pdftex.def)             Requested size: 597.57834pt x 845.1138pt.
File: Homework_4.pdf Graphic file (type pdf)
<use Homework_4.pdf, page 3>
Package pdftex.def Info: Homework_4.pdf , page3 used on input line 135.
(pdftex.def)             Requested size: 597.57834pt x 845.1138pt.
 [23 <./Homework_4.pdf>]
<screenshot032.png, id=315, 608.2725pt x 484.05844pt>
File: screenshot032.png Graphic file (type png)
<use screenshot032.png>
Package pdftex.def Info: screenshot032.png  used on input line 139.
(pdftex.def)             Requested size: 345.0pt x 274.55713pt.
<screenshot033.png, id=316, 618.05907pt x 408.02437pt>
File: screenshot033.png Graphic file (type png)
<use screenshot033.png>
Package pdftex.def Info: screenshot033.png  used on input line 143.
(pdftex.def)             Requested size: 345.0pt x 227.76366pt.
<screenshot034.png, id=317, 612.78937pt x 479.54156pt>
File: screenshot034.png Graphic file (type png)
<use screenshot034.png>
Package pdftex.def Info: screenshot034.png  used on input line 147.
(pdftex.def)             Requested size: 345.0pt x 269.98293pt.
[24 <./screenshot032.png> <./screenshot033.png>]
<screenshot035.png, id=323, 611.28375pt x 239.39438pt>
File: screenshot035.png Graphic file (type png)
<use screenshot035.png>
Package pdftex.def Info: screenshot035.png  used on input line 151.
(pdftex.def)             Requested size: 345.0pt x 135.10829pt.
<screenshot036.png, id=324, 557.83406pt x 498.36188pt>
File: screenshot036.png Graphic file (type png)
<use screenshot036.png>
Package pdftex.def Info: screenshot036.png  used on input line 156.
(pdftex.def)             Requested size: 345.0pt x 308.22833pt.
 [25 <./screenshot034.png> <./screenshot035.png>]
<screenshot037.png, id=331, 565.36218pt x 230.36063pt>
File: screenshot037.png Graphic file (type png)
<use screenshot037.png>
Package pdftex.def Info: screenshot037.png  used on input line 159.
(pdftex.def)             Requested size: 345.0pt x 140.576pt.
<screenshot038.png, id=332, 547.2947pt x 560.8453pt>
File: screenshot038.png Graphic file (type png)
<use screenshot038.png>
Package pdftex.def Info: screenshot038.png  used on input line 163.
(pdftex.def)             Requested size: 345.0pt x 353.54836pt.
 [26 <./screenshot036.png> <./screenshot037.png>] [27 <./screenshot038.png>]
<Homework_5.pdf, id=342, 597.55258pt x 845.07718pt>
File: Homework_5.pdf Graphic file (type pdf)
<use Homework_5.pdf>
Package pdftex.def Info: Homework_5.pdf  used on input line 168.
(pdftex.def)             Requested size: 597.55112pt x 845.07512pt.
File: Homework_5.pdf Graphic file (type pdf)
<use Homework_5.pdf>
Package pdftex.def Info: Homework_5.pdf  used on input line 168.
(pdftex.def)             Requested size: 597.55112pt x 845.07512pt.
<Homework_5.pdf, id=345, page=1, 597.55258pt x 845.07718pt>
File: Homework_5.pdf Graphic file (type pdf)
<use Homework_5.pdf, page 1>
Package pdftex.def Info: Homework_5.pdf , page1 used on input line 168.
(pdftex.def)             Requested size: 597.55112pt x 845.07512pt.
File: Homework_5.pdf Graphic file (type pdf)
<use Homework_5.pdf, page 1>
Package pdftex.def Info: Homework_5.pdf , page1 used on input line 168.
(pdftex.def)             Requested size: 597.57846pt x 845.1138pt.
File: Homework_5.pdf Graphic file (type pdf)
<use Homework_5.pdf, page 1>
Package pdftex.def Info: Homework_5.pdf , page1 used on input line 168.
(pdftex.def)             Requested size: 597.57846pt x 845.1138pt.
File: Homework_5.pdf Graphic file (type pdf)
<use Homework_5.pdf, page 1>
Package pdftex.def Info: Homework_5.pdf , page1 used on input line 168.
(pdftex.def)             Requested size: 597.57846pt x 845.1138pt.
File: Homework_5.pdf Graphic file (type pdf)
<use Homework_5.pdf, page 1>
Package pdftex.def Info: Homework_5.pdf , page1 used on input line 168.
(pdftex.def)             Requested size: 597.57846pt x 845.1138pt.
 [28 <./Homework_5.pdf>]
<Homework_5.pdf, id=377, page=2, 597.55258pt x 845.07718pt>
File: Homework_5.pdf Graphic file (type pdf)
<use Homework_5.pdf, page 2>
Package pdftex.def Info: Homework_5.pdf , page2 used on input line 168.
(pdftex.def)             Requested size: 597.57846pt x 845.1138pt.
File: Homework_5.pdf Graphic file (type pdf)
<use Homework_5.pdf, page 2>
Package pdftex.def Info: Homework_5.pdf , page2 used on input line 168.
(pdftex.def)             Requested size: 597.57846pt x 845.1138pt.
File: Homework_5.pdf Graphic file (type pdf)
<use Homework_5.pdf, page 2>
Package pdftex.def Info: Homework_5.pdf , page2 used on input line 168.
(pdftex.def)             Requested size: 597.57846pt x 845.1138pt.
 [29 <./Homework_5.pdf>]
<screenshot039.png, id=383, 547.2947pt x 454.69875pt>
File: screenshot039.png Graphic file (type png)
<use screenshot039.png>
Package pdftex.def Info: screenshot039.png  used on input line 171.
(pdftex.def)             Requested size: 345.0pt x 286.63518pt.
<screenshot040.png, id=384, 560.0925pt x 350.81062pt>
File: screenshot040.png Graphic file (type png)
<use screenshot040.png>
Package pdftex.def Info: screenshot040.png  used on input line 177.
(pdftex.def)             Requested size: 345.0pt x 216.09785pt.
<screenshot041.png, id=385, 557.83406pt x 276.28218pt>
File: screenshot041.png Graphic file (type png)
<use screenshot041.png>
Package pdftex.def Info: screenshot041.png  used on input line 181.
(pdftex.def)             Requested size: 345.0pt x 170.87581pt.
 [30 <./screenshot039.png> <./screenshot040.png>]
<screenshot042.png, id=391, 596.98032pt x 383.18156pt>
File: screenshot042.png Graphic file (type png)
<use screenshot042.png>
Package pdftex.def Info: screenshot042.png  used on input line 186.
(pdftex.def)             Requested size: 345.0pt x 221.44443pt.
<screenshot043.png, id=392, 671.50874pt x 514.92375pt>
File: screenshot043.png Graphic file (type png)
<use screenshot043.png>
Package pdftex.def Info: screenshot043.png  used on input line 190.
(pdftex.def)             Requested size: 345.0pt x 264.54834pt.
 [31 <./screenshot041.png> <./screenshot042.png>]
<screenshot044.png, id=399, 670.75594pt x 351.56343pt>
File: screenshot044.png Graphic file (type png)
<use screenshot044.png>
Package pdftex.def Info: screenshot044.png  used on input line 194.
(pdftex.def)             Requested size: 345.0pt x 180.82382pt.
<screenshot045.png, id=400, 666.99188pt x 423.08063pt>
File: screenshot045.png Graphic file (type png)
<use screenshot045.png>
Package pdftex.def Info: screenshot045.png  used on input line 201.
(pdftex.def)             Requested size: 345.0pt x 218.84117pt.
 [32 <./screenshot043.png> <./screenshot044.png>]
<screenshot046.png, id=406, 674.52pt x 523.20468pt>
File: screenshot046.png Graphic file (type png)
<use screenshot046.png>
Package pdftex.def Info: screenshot046.png  used on input line 207.
(pdftex.def)             Requested size: 345.0pt x 267.61324pt.
<screenshot047.png, id=407, 670.00313pt x 509.65407pt>
File: screenshot047.png Graphic file (type png)
<use screenshot047.png>
Package pdftex.def Info: screenshot047.png  used on input line 212.
(pdftex.def)             Requested size: 345.0pt x 262.43199pt.
 [33 <./screenshot045.png> <./screenshot046.png>]
<screenshot048.png, id=413, 668.4975pt x 440.39531pt>
File: screenshot048.png Graphic file (type png)
<use screenshot048.png>
Package pdftex.def Info: screenshot048.png  used on input line 215.
(pdftex.def)             Requested size: 345.0pt x 227.28658pt.
<screenshot049.png, id=414, 668.4975pt x 440.39531pt>
File: screenshot049.png Graphic file (type png)
<use screenshot049.png>
Package pdftex.def Info: screenshot049.png  used on input line 219.
(pdftex.def)             Requested size: 345.0pt x 227.28658pt.
 [34 <./screenshot047.png> <./screenshot048.png>]
<screenshot050.png, id=420, 637.63219pt x 278.54062pt>
File: screenshot050.png Graphic file (type png)
<use screenshot050.png>
Package pdftex.def Info: screenshot050.png  used on input line 222.
(pdftex.def)             Requested size: 345.0pt x 150.7072pt.
<screenshot051.png, id=421, 532.99126pt x 475.7775pt>
File: screenshot051.png Graphic file (type png)
<use screenshot051.png>
Package pdftex.def Info: screenshot051.png  used on input line 225.
(pdftex.def)             Requested size: 345.0pt x 307.97398pt.

[35 <./screenshot049.png> <./screenshot050.png>]
<screenshot052.png, id=427, 530.73282pt x 464.4853pt>
File: screenshot052.png Graphic file (type png)
<use screenshot052.png>
Package pdftex.def Info: screenshot052.png  used on input line 228.
(pdftex.def)             Requested size: 345.0pt x 301.94022pt.
 [36 <./screenshot051.png>]
<screenshot053.png, id=432, 543.53062pt x 275.52937pt>
File: screenshot053.png Graphic file (type png)
<use screenshot053.png>
Package pdftex.def Info: screenshot053.png  used on input line 232.
(pdftex.def)             Requested size: 345.0pt x 174.89613pt.

[37 <./screenshot052.png> <./screenshot053.png>]

pdfTeX warning: /usr/bin/pdflatex (file ./Homework_6.pdf): PDF inclusion: found
 PDF version <1.6>, but at most version <1.5> allowed
<Homework_6.pdf, id=439, 597.55246pt x 845.07718pt>
File: Homework_6.pdf Graphic file (type pdf)
<use Homework_6.pdf>
Package pdftex.def Info: Homework_6.pdf  used on input line 237.
(pdftex.def)             Requested size: 597.551pt x 845.07512pt.


pdfTeX warning: /usr/bin/pdflatex (file ./Homework_6.pdf): PDF inclusion: found
 PDF version <1.6>, but at most version <1.5> allowed
File: Homework_6.pdf Graphic file (type pdf)
<use Homework_6.pdf>
Package pdftex.def Info: Homework_6.pdf  used on input line 237.
(pdftex.def)             Requested size: 597.551pt x 845.07512pt.


pdfTeX warning: /usr/bin/pdflatex (file ./Homework_6.pdf): PDF inclusion: found
 PDF version <1.6>, but at most version <1.5> allowed


pdfTeX warning: /usr/bin/pdflatex (file ./Homework_6.pdf): PDF inclusion: found
 PDF version <1.6>, but at most version <1.5> allowed
<Homework_6.pdf, id=442, page=1, 597.55246pt x 845.07718pt>
File: Homework_6.pdf Graphic file (type pdf)
<use Homework_6.pdf, page 1>
Package pdftex.def Info: Homework_6.pdf , page1 used on input line 237.
(pdftex.def)             Requested size: 597.551pt x 845.07512pt.
File: Homework_6.pdf Graphic file (type pdf)
<use Homework_6.pdf, page 1>
Package pdftex.def Info: Homework_6.pdf , page1 used on input line 237.
(pdftex.def)             Requested size: 597.57834pt x 845.1138pt.
File: Homework_6.pdf Graphic file (type pdf)
<use Homework_6.pdf, page 1>
Package pdftex.def Info: Homework_6.pdf , page1 used on input line 237.
(pdftex.def)             Requested size: 597.57834pt x 845.1138pt.
File: Homework_6.pdf Graphic file (type pdf)
<use Homework_6.pdf, page 1>
Package pdftex.def Info: Homework_6.pdf , page1 used on input line 237.
(pdftex.def)             Requested size: 597.57834pt x 845.1138pt.
File: Homework_6.pdf Graphic file (type pdf)
<use Homework_6.pdf, page 1>
Package pdftex.def Info: Homework_6.pdf , page1 used on input line 237.
(pdftex.def)             Requested size: 597.57834pt x 845.1138pt.
[38 <./Homework_6.pdf>]

pdfTeX warning: /usr/bin/pdflatex (file ./Homework_6.pdf): PDF inclusion: found
 PDF version <1.6>, but at most version <1.5> allowed
<Homework_6.pdf, id=475, page=2, 597.55246pt x 845.07718pt>
File: Homework_6.pdf Graphic file (type pdf)
<use Homework_6.pdf, page 2>
Package pdftex.def Info: Homework_6.pdf , page2 used on input line 237.
(pdftex.def)             Requested size: 597.57834pt x 845.1138pt.
File: Homework_6.pdf Graphic file (type pdf)
<use Homework_6.pdf, page 2>
Package pdftex.def Info: Homework_6.pdf , page2 used on input line 237.
(pdftex.def)             Requested size: 597.57834pt x 845.1138pt.
File: Homework_6.pdf Graphic file (type pdf)
<use Homework_6.pdf, page 2>
Package pdftex.def Info: Homework_6.pdf , page2 used on input line 237.
(pdftex.def)             Requested size: 597.57834pt x 845.1138pt.
[39 <./Homework_6.pdf>]
<screenshot054.png, id=479, 573.64313pt x 472.76625pt>
File: screenshot054.png Graphic file (type png)
<use screenshot054.png>
Package pdftex.def Info: screenshot054.png  used on input line 241.
(pdftex.def)             Requested size: 345.0pt x 284.33282pt.
<screenshot055.png, id=480, 583.42969pt x 238.64156pt>
File: screenshot055.png Graphic file (type png)
<use screenshot055.png>
Package pdftex.def Info: screenshot055.png  used on input line 246.
(pdftex.def)             Requested size: 345.0pt x 141.12137pt.
<screenshot056.png, id=481, 621.82312pt x 504.38437pt>
File: screenshot056.png Graphic file (type png)
<use screenshot056.png>
Package pdftex.def Info: screenshot056.png  used on input line 249.
(pdftex.def)             Requested size: 345.0pt x 279.84428pt.
 [40 <./screenshot054.png> <./screenshot055.png>]
<screenshot057.png, id=487, 594.72188pt x 227.34938pt>
File: screenshot057.png Graphic file (type png)
<use screenshot057.png>
Package pdftex.def Info: screenshot057.png  used on input line 253.
(pdftex.def)             Requested size: 345.0pt x 131.88353pt.
<screenshot058.png, id=488, 573.64313pt x 480.29437pt>
File: screenshot058.png Graphic file (type png)
<use screenshot058.png>
Package pdftex.def Info: screenshot058.png  used on input line 257.
(pdftex.def)             Requested size: 345.0pt x 288.8604pt.

[41 <./screenshot056.png> <./screenshot057.png>]
<screenshot060.png, id=494, 497.60907pt x 191.9672pt>
File: screenshot060.png Graphic file (type png)
<use screenshot060.png>
Package pdftex.def Info: screenshot060.png  used on input line 261.
(pdftex.def)             Requested size: 345.0pt x 133.09605pt.
<screenshot061.png, id=495, 498.36188pt x 350.05782pt>
File: screenshot061.png Graphic file (type png)
<use screenshot061.png>
Package pdftex.def Info: screenshot061.png  used on input line 266.
(pdftex.def)             Requested size: 345.0pt x 242.34135pt.
 [42 <./screenshot058.png> <./screenshot060.png>]
<screenshot062.png, id=501, 498.36188pt x 350.05782pt>
File: screenshot062.png Graphic file (type png)
<use screenshot062.png>
Package pdftex.def Info: screenshot062.png  used on input line 271.
(pdftex.def)             Requested size: 345.0pt x 242.34135pt.
 [43 <./screenshot061.png> <./screenshot062.png>]
<Homework_7.pdf, id=508, 597.55258pt x 845.07718pt>
File: Homework_7.pdf Graphic file (type pdf)
<use Homework_7.pdf>
Package pdftex.def Info: Homework_7.pdf  used on input line 275.
(pdftex.def)             Requested size: 597.55112pt x 845.07512pt.
File: Homework_7.pdf Graphic file (type pdf)
<use Homework_7.pdf>
Package pdftex.def Info: Homework_7.pdf  used on input line 275.
(pdftex.def)             Requested size: 597.55112pt x 845.07512pt.
<Homework_7.pdf, id=511, page=1, 597.55258pt x 845.07718pt>
File: Homework_7.pdf Graphic file (type pdf)
<use Homework_7.pdf, page 1>
Package pdftex.def Info: Homework_7.pdf , page1 used on input line 275.
(pdftex.def)             Requested size: 597.55112pt x 845.07512pt.
File: Homework_7.pdf Graphic file (type pdf)
<use Homework_7.pdf, page 1>
Package pdftex.def Info: Homework_7.pdf , page1 used on input line 275.
(pdftex.def)             Requested size: 597.57846pt x 845.1138pt.
File: Homework_7.pdf Graphic file (type pdf)
<use Homework_7.pdf, page 1>
Package pdftex.def Info: Homework_7.pdf , page1 used on input line 275.
(pdftex.def)             Requested size: 597.57846pt x 845.1138pt.
File: Homework_7.pdf Graphic file (type pdf)
<use Homework_7.pdf, page 1>
Package pdftex.def Info: Homework_7.pdf , page1 used on input line 275.
(pdftex.def)             Requested size: 597.57846pt x 845.1138pt.
File: Homework_7.pdf Graphic file (type pdf)
<use Homework_7.pdf, page 1>
Package pdftex.def Info: Homework_7.pdf , page1 used on input line 275.
(pdftex.def)             Requested size: 597.57846pt x 845.1138pt.
 [44 <./Homework_7.pdf>]
<Homework_7.pdf, id=550, page=2, 597.55258pt x 845.07718pt>
File: Homework_7.pdf Graphic file (type pdf)
<use Homework_7.pdf, page 2>
Package pdftex.def Info: Homework_7.pdf , page2 used on input line 275.
(pdftex.def)             Requested size: 597.57846pt x 845.1138pt.
File: Homework_7.pdf Graphic file (type pdf)
<use Homework_7.pdf, page 2>
Package pdftex.def Info: Homework_7.pdf , page2 used on input line 275.
(pdftex.def)             Requested size: 597.57846pt x 845.1138pt.
File: Homework_7.pdf Graphic file (type pdf)
<use Homework_7.pdf, page 2>
Package pdftex.def Info: Homework_7.pdf , page2 used on input line 275.
(pdftex.def)             Requested size: 597.57846pt x 845.1138pt.
 [45 <./Homework_7.pdf>]
<Homework_7.pdf, id=558, page=3, 597.55258pt x 845.07718pt>
File: Homework_7.pdf Graphic file (type pdf)
<use Homework_7.pdf, page 3>
Package pdftex.def Info: Homework_7.pdf , page3 used on input line 275.
(pdftex.def)             Requested size: 597.57846pt x 845.1138pt.
File: Homework_7.pdf Graphic file (type pdf)
<use Homework_7.pdf, page 3>
Package pdftex.def Info: Homework_7.pdf , page3 used on input line 275.
(pdftex.def)             Requested size: 597.57846pt x 845.1138pt.
File: Homework_7.pdf Graphic file (type pdf)
<use Homework_7.pdf, page 3>
Package pdftex.def Info: Homework_7.pdf , page3 used on input line 275.
(pdftex.def)             Requested size: 597.57846pt x 845.1138pt.
 [46 <./Homework_7.pdf>]
<screenshot063.png, id=568, 563.10374pt x 456.95718pt>
File: screenshot063.png Graphic file (type png)
<use screenshot063.png>
Package pdftex.def Info: screenshot063.png  used on input line 280.
(pdftex.def)             Requested size: 345.0pt x 279.97064pt.
<screenshot064.png, id=569, 663.22781pt x 407.27156pt>
File: screenshot064.png Graphic file (type png)
<use screenshot064.png>
Package pdftex.def Info: screenshot064.png  used on input line 284.
(pdftex.def)             Requested size: 345.0pt x 211.857pt.
<screenshot065.png, id=570, 663.22781pt x 464.4853pt>
File: screenshot065.png Graphic file (type png)
<use screenshot065.png>
Package pdftex.def Info: screenshot065.png  used on input line 288.
(pdftex.def)             Requested size: 345.0pt x 241.6188pt.
 [47 <./screenshot063.png> <./screenshot064.png>]
<screenshot066.png, id=576, 663.22781pt x 464.4853pt>
File: screenshot066.png Graphic file (type png)
<use screenshot066.png>
Package pdftex.def Info: screenshot066.png  used on input line 293.
(pdftex.def)             Requested size: 345.0pt x 241.6188pt.
<screenshot067.png, id=577, 593.96906pt x 548.0475pt>
File: screenshot067.png Graphic file (type png)
<use screenshot067.png>
Package pdftex.def Info: screenshot067.png  used on input line 299.
(pdftex.def)             Requested size: 345.0pt x 318.33607pt.
 [48 <./screenshot065.png> <./screenshot066.png>]
<screenshot068.png, id=583, 557.08125pt x 261.97874pt>
File: screenshot068.png Graphic file (type png)
<use screenshot068.png>
Package pdftex.def Info: screenshot068.png  used on input line 303.
(pdftex.def)             Requested size: 345.0pt x 162.24525pt.
<screenshot069.png, id=584, 569.87906pt x 524.71031pt>
File: screenshot069.png Graphic file (type png)
<use screenshot069.png>
Package pdftex.def Info: screenshot069.png  used on input line 307.
(pdftex.def)             Requested size: 345.0pt x 317.65488pt.
[49 <./screenshot067.png> <./screenshot068.png>]
<screenshot070.png, id=591, 431.36156pt x 348.55219pt>
File: screenshot070.png Graphic file (type png)
<use screenshot070.png>
Package pdftex.def Info: screenshot070.png  used on input line 311.
(pdftex.def)             Requested size: 345.0pt x 278.77829pt.
 [50 <./screenshot069.png>]
<screenshot071.png, id=596, 522.45187pt x 540.51938pt>
File: screenshot071.png Graphic file (type png)
<use screenshot071.png>
Package pdftex.def Info: screenshot071.png  used on input line 316.
(pdftex.def)             Requested size: 345.0pt x 356.93358pt.

[51 <./screenshot070.png>]
<screenshot072.png, id=601, 561.59813pt x 307.90031pt>
File: screenshot072.png Graphic file (type png)
<use screenshot072.png>
Package pdftex.def Info: screenshot072.png  used on input line 320.
(pdftex.def)             Requested size: 345.0pt x 189.14848pt.
 [52 <./screenshot071.png> <./screenshot072.png>]
<Homework_8.pdf, id=607, 597.55246pt x 845.07718pt>
File: Homework_8.pdf Graphic file (type pdf)
<use Homework_8.pdf>
Package pdftex.def Info: Homework_8.pdf  used on input line 325.
(pdftex.def)             Requested size: 597.551pt x 845.07512pt.
File: Homework_8.pdf Graphic file (type pdf)
<use Homework_8.pdf>
Package pdftex.def Info: Homework_8.pdf  used on input line 325.
(pdftex.def)             Requested size: 597.551pt x 845.07512pt.
<Homework_8.pdf, id=610, page=1, 597.55246pt x 845.07718pt>
File: Homework_8.pdf Graphic file (type pdf)
<use Homework_8.pdf, page 1>
Package pdftex.def Info: Homework_8.pdf , page1 used on input line 325.
(pdftex.def)             Requested size: 597.551pt x 845.07512pt.
File: Homework_8.pdf Graphic file (type pdf)
<use Homework_8.pdf, page 1>
Package pdftex.def Info: Homework_8.pdf , page1 used on input line 325.
(pdftex.def)             Requested size: 597.57834pt x 845.1138pt.
File: Homework_8.pdf Graphic file (type pdf)
<use Homework_8.pdf, page 1>
Package pdftex.def Info: Homework_8.pdf , page1 used on input line 325.
(pdftex.def)             Requested size: 597.57834pt x 845.1138pt.
File: Homework_8.pdf Graphic file (type pdf)
<use Homework_8.pdf, page 1>
Package pdftex.def Info: Homework_8.pdf , page1 used on input line 325.
(pdftex.def)             Requested size: 597.57834pt x 845.1138pt.
File: Homework_8.pdf Graphic file (type pdf)
<use Homework_8.pdf, page 1>
Package pdftex.def Info: Homework_8.pdf , page1 used on input line 325.
(pdftex.def)             Requested size: 597.57834pt x 845.1138pt.

[53 <./Homework_8.pdf>]
<Homework_8.pdf, id=642, page=2, 597.55246pt x 845.07718pt>
File: Homework_8.pdf Graphic file (type pdf)
<use Homework_8.pdf, page 2>
Package pdftex.def Info: Homework_8.pdf , page2 used on input line 325.
(pdftex.def)             Requested size: 597.57834pt x 845.1138pt.
File: Homework_8.pdf Graphic file (type pdf)
<use Homework_8.pdf, page 2>
Package pdftex.def Info: Homework_8.pdf , page2 used on input line 325.
(pdftex.def)             Requested size: 597.57834pt x 845.1138pt.
File: Homework_8.pdf Graphic file (type pdf)
<use Homework_8.pdf, page 2>
Package pdftex.def Info: Homework_8.pdf , page2 used on input line 325.
(pdftex.def)             Requested size: 597.57834pt x 845.1138pt.
 [54 <./Homework_8.pdf>]
<screenshot073.png, id=647, 590.205pt x 456.20438pt>
File: screenshot073.png Graphic file (type png)
<use screenshot073.png>
Package pdftex.def Info: screenshot073.png  used on input line 328.
(pdftex.def)             Requested size: 345.0pt x 266.67313pt.
<screenshot074.png, id=648, 548.0475pt x 400.49625pt>
File: screenshot074.png Graphic file (type png)
<use screenshot074.png>
Package pdftex.def Info: screenshot074.png  used on input line 333.
(pdftex.def)             Requested size: 345.0pt x 252.11841pt.
<screenshot075.png, id=649, 570.63188pt x 462.22687pt>
File: screenshot075.png Graphic file (type png)
<use screenshot075.png>
Package pdftex.def Info: screenshot075.png  used on input line 339.
(pdftex.def)             Requested size: 345.0pt x 279.46121pt.
 [55 <./screenshot073.png> <./screenshot074.png>]
<screenshot076.png, id=656, 660.96938pt x 484.81125pt>
File: screenshot076.png Graphic file (type png)
<use screenshot076.png>
Package pdftex.def Info: screenshot076.png  used on input line 345.
(pdftex.def)             Requested size: 345.0pt x 253.05759pt.
<screenshot077.png, id=657, 661.72218pt x 545.78906pt>
File: screenshot077.png Graphic file (type png)
<use screenshot077.png>
Package pdftex.def Info: screenshot077.png  used on input line 350.
(pdftex.def)             Requested size: 345.0pt x 284.55313pt.
 [56 <./screenshot075.png> <./screenshot076.png>]
<screenshot078.png, id=663, 660.96938pt x 304.13625pt>
File: screenshot078.png Graphic file (type png)
<use screenshot078.png>
Package pdftex.def Info: screenshot078.png  used on input line 354.
(pdftex.def)             Requested size: 345.0pt x 158.75041pt.
<screenshot079.png, id=664, 663.22781pt x 456.20438pt>
File: screenshot079.png Graphic file (type png)
<use screenshot079.png>
Package pdftex.def Info: screenshot079.png  used on input line 360.
(pdftex.def)             Requested size: 345.0pt x 237.31116pt.
 [57 <./screenshot077.png> <./screenshot078.png>]
<screenshot080.png, id=670, 667.74469pt x 496.85625pt>
File: screenshot080.png Graphic file (type png)
<use screenshot080.png>
Package pdftex.def Info: screenshot080.png  used on input line 366.
(pdftex.def)             Requested size: 345.0pt x 256.71399pt.
<screenshot081.png, id=671, 653.44125pt x 301.8778pt>
File: screenshot081.png Graphic file (type png)
<use screenshot081.png>
Package pdftex.def Info: screenshot081.png  used on input line 370.
(pdftex.def)             Requested size: 345.0pt x 159.38184pt.
 [58 <./screenshot079.png> <./screenshot080.png>]
<screenshot082.png, id=677, 653.44125pt x 301.8778pt>
File: screenshot082.png Graphic file (type png)
<use screenshot082.png>
Package pdftex.def Info: screenshot082.png  used on input line 376.
(pdftex.def)             Requested size: 345.0pt x 159.38184pt.
<screenshot083.png, id=678, 661.72218pt x 509.65407pt>
File: screenshot083.png Graphic file (type png)
<use screenshot083.png>
Package pdftex.def Info: screenshot083.png  used on input line 380.
(pdftex.def)             Requested size: 345.0pt x 265.71376pt.
<screenshot084.png, id=679, 599.23875pt x 239.39438pt>
File: screenshot084.png Graphic file (type png)
<use screenshot084.png>
Package pdftex.def Info: screenshot084.png  used on input line 384.
(pdftex.def)             Requested size: 345.0pt x 137.82968pt.
 [59 <./screenshot081.png> <./screenshot082.png> <./screenshot083.png>]
<screenshot085.png, id=686, 535.2497pt x 536.75531pt>
File: screenshot085.png Graphic file (type png)
<use screenshot085.png>
Package pdftex.def Info: screenshot085.png  used on input line 388.
(pdftex.def)             Requested size: 345.0pt x 345.98747pt.
<screenshot086.png, id=687, 280.79906pt x 280.79906pt>
File: screenshot086.png Graphic file (type png)
<use screenshot086.png>
Package pdftex.def Info: screenshot086.png  used on input line 392.
(pdftex.def)             Requested size: 345.0pt x 345.02087pt.

[60 <./screenshot084.png> <./screenshot085.png>]
<screenshot087.png, id=694, 483.30562pt x 514.17094pt>
File: screenshot087.png Graphic file (type png)
<use screenshot087.png>
Package pdftex.def Info: screenshot087.png  used on input line 396.
(pdftex.def)             Requested size: 345.0pt x 367.04886pt.
 [61 <./screenshot086.png>]
<screenshot088.png, id=700, 432.86719pt x 296.60812pt>
File: screenshot088.png Graphic file (type png)
<use screenshot088.png>
Package pdftex.def Info: screenshot088.png  used on input line 401.
(pdftex.def)             Requested size: 345.0pt x 236.4088pt.

[62 <./screenshot087.png>]
<screenshot089.png, id=705, 388.45125pt x 516.42938pt>
File: screenshot089.png Graphic file (type png)
<use screenshot089.png>
Package pdftex.def Info: screenshot089.png  used on input line 405.
(pdftex.def)             Requested size: 345.0pt x 458.6751pt.
 [63 <./screenshot088.png>]
<screenshot090.png, id=710, 499.11469pt x 218.31563pt>
File: screenshot090.png Graphic file (type png)
<use screenshot090.png>
Package pdftex.def Info: screenshot090.png  used on input line 409.
(pdftex.def)             Requested size: 345.0pt x 150.90776pt.
 [64 <./screenshot089.png>]
<screenshot092.png, id=715, 499.11469pt x 385.44pt>
File: screenshot092.png Graphic file (type png)
<use screenshot092.png>
Package pdftex.def Info: screenshot092.png  used on input line 414.
(pdftex.def)             Requested size: 345.0pt x 266.43027pt.
 [65 <./screenshot090.png> <./screenshot092.png>]

pdfTeX warning: /usr/bin/pdflatex (file ./Homework_9.pdf): PDF inclusion: found
 PDF version <1.6>, but at most version <1.5> allowed
<Homework_9.pdf, id=721, 597.55246pt x 845.07718pt>
File: Homework_9.pdf Graphic file (type pdf)
<use Homework_9.pdf>
Package pdftex.def Info: Homework_9.pdf  used on input line 418.
(pdftex.def)             Requested size: 597.551pt x 845.07512pt.


pdfTeX warning: /usr/bin/pdflatex (file ./Homework_9.pdf): PDF inclusion: found
 PDF version <1.6>, but at most version <1.5> allowed
File: Homework_9.pdf Graphic file (type pdf)
<use Homework_9.pdf>
Package pdftex.def Info: Homework_9.pdf  used on input line 418.
(pdftex.def)             Requested size: 597.551pt x 845.07512pt.


pdfTeX warning: /usr/bin/pdflatex (file ./Homework_9.pdf): PDF inclusion: found
 PDF version <1.6>, but at most version <1.5> allowed


pdfTeX warning: /usr/bin/pdflatex (file ./Homework_9.pdf): PDF inclusion: found
 PDF version <1.6>, but at most version <1.5> allowed
<Homework_9.pdf, id=724, page=1, 597.55246pt x 845.07718pt>
File: Homework_9.pdf Graphic file (type pdf)
<use Homework_9.pdf, page 1>
Package pdftex.def Info: Homework_9.pdf , page1 used on input line 418.
(pdftex.def)             Requested size: 597.551pt x 845.07512pt.
File: Homework_9.pdf Graphic file (type pdf)
<use Homework_9.pdf, page 1>
Package pdftex.def Info: Homework_9.pdf , page1 used on input line 418.
(pdftex.def)             Requested size: 597.57834pt x 845.1138pt.
File: Homework_9.pdf Graphic file (type pdf)
<use Homework_9.pdf, page 1>
Package pdftex.def Info: Homework_9.pdf , page1 used on input line 418.
(pdftex.def)             Requested size: 597.57834pt x 845.1138pt.
File: Homework_9.pdf Graphic file (type pdf)
<use Homework_9.pdf, page 1>
Package pdftex.def Info: Homework_9.pdf , page1 used on input line 418.
(pdftex.def)             Requested size: 597.57834pt x 845.1138pt.
File: Homework_9.pdf Graphic file (type pdf)
<use Homework_9.pdf, page 1>
Package pdftex.def Info: Homework_9.pdf , page1 used on input line 418.
(pdftex.def)             Requested size: 597.57834pt x 845.1138pt.
[66 <./Homework_9.pdf>]
<screenshot093.png, id=755, 493.845pt x 413.29407pt>
File: screenshot093.png Graphic file (type png)
<use screenshot093.png>
Package pdftex.def Info: screenshot093.png  used on input line 421.
(pdftex.def)             Requested size: 345.0pt x 288.72368pt.
<screenshot094.png, id=756, 493.845pt x 413.29407pt>
File: screenshot094.png Graphic file (type png)
<use screenshot094.png>
Package pdftex.def Info: screenshot094.png  used on input line 424.
(pdftex.def)             Requested size: 345.0pt x 288.72368pt.
<screenshot095.png, id=757, 561.59813pt x 566.115pt>
File: screenshot095.png Graphic file (type png)
<use screenshot095.png>
Package pdftex.def Info: screenshot095.png  used on input line 429.
(pdftex.def)             Requested size: 345.0pt x 347.77426pt.
 [67 <./screenshot093.png> <./screenshot094.png>]
<screenshot096.png, id=764, 224.33812pt x 240.14719pt>
File: screenshot096.png Graphic file (type png)
<use screenshot096.png>
Package pdftex.def Info: screenshot096.png  used on input line 433.
(pdftex.def)             Requested size: 345.0pt x 369.35141pt.

[68 <./screenshot095.png>]
<screenshot097.png, id=769, 512.66531pt x 551.81157pt>
File: screenshot097.png Graphic file (type png)
<use screenshot097.png>
Package pdftex.def Info: screenshot097.png  used on input line 438.
(pdftex.def)             Requested size: 345.0pt x 371.3453pt.
 [69 <./screenshot096.png>] [70 <./screenshot097.png>] (./hw_soln_1.aux) ) 
Here is how much of TeX's memory you used:
 3742 strings out of 478287
 66515 string characters out of 5849289
 336521 words of memory out of 5000000
 21931 multiletter control sequences out of 15000+600000
 469259 words of font info for 28 fonts, out of 8000000 for 9000
 1141 hyphenation exceptions out of 8191
 61i,17n,75p,207b,425s stack positions out of 5000i,500n,10000p,200000b,80000s
</usr
/share/texlive/texmf-dist/fonts/type1/public/amsfonts/cm/cmr10.pfb>
Output written on hw_soln_1.pdf (70 pages, 9539634 bytes).
PDF statistics:
 787 PDF objects out of 1000 (max. 8388607)
 354 compressed objects within 4 object streams
 0 named destinations out of 1000 (max. 500000)
 691 words of extra memory for PDF output out of 10000 (max. 10000000)

