This is pdfTeX, Version 3.141592653-2.6-1.40.22 (TeX Live 2022/dev/Debian) (preloaded format=pdflatex 2024.9.25)  20 DEC 2024 10:36
entering extended mode
 restricted \write18 enabled.
 %&-line parsing enabled.
**midterm_soln.tex
(./midterm_soln.tex
LaTeX2e <2021-11-15> patch level 1
L3 programming layer <2022-01-21>
(/usr/share/texlive/texmf-dist/tex/latex/base/article.cls
Document Class: article 2021/10/04 v1.4n Standard LaTeX document class
(/usr/share/texlive/texmf-dist/tex/latex/base/size10.clo
File: size10.clo 2021/10/04 v1.4n Standard LaTeX file (size option)
)
\c@part=\count185
\c@section=\count186
\c@subsection=\count187
\c@subsubsection=\count188
\c@paragraph=\count189
\c@subparagraph=\count190
\c@figure=\count191
\c@table=\count192
\abovecaptionskip=\skip47
\belowcaptionskip=\skip48
\bibindent=\dimen138
)
(/usr/share/texlive/texmf-dist/tex/latex/graphics/graphicx.sty
Package: graphicx 2021/09/16 v1.2d Enhanced LaTeX Graphics (DPC,SPQR)

(/usr/share/texlive/texmf-dist/tex/latex/graphics/keyval.sty
Package: keyval 2014/10/28 v1.15 key=value parser (DPC)
\KV@toks@=\toks16
)
(/usr/share/texlive/texmf-dist/tex/latex/graphics/graphics.sty
Package: graphics 2021/03/04 v1.4d Standard LaTeX Graphics (DPC,SPQR)

(/usr/share/texlive/texmf-dist/tex/latex/graphics/trig.sty
Package: trig 2021/08/11 v1.11 sin cos tan (DPC)
)
(/usr/share/texlive/texmf-dist/tex/latex/graphics-cfg/graphics.cfg
File: graphics.cfg 2016/06/04 v1.11 sample graphics configuration
)
Package graphics Info: Driver file: pdftex.def on input line 107.

(/usr/share/texlive/texmf-dist/tex/latex/graphics-def/pdftex.def
File: pdftex.def 2020/10/05 v1.2a Graphics/color driver for pdftex
))
\Gin@req@height=\dimen139
\Gin@req@width=\dimen140
)
(/usr/share/texlive/texmf-dist/tex/latex/pdfpages/pdfpages.sty
Package: pdfpages 2022/01/29 v0.5u Insert pages of external PDF documents (AM)

(/usr/share/texlive/texmf-dist/tex/latex/base/ifthen.sty
Package: ifthen 2020/11/24 v1.1c Standard LaTeX ifthen package (DPC)
)
(/usr/share/texlive/texmf-dist/tex/latex/tools/calc.sty
Package: calc 2017/05/25 v4.3 Infix arithmetic (KKT,FJ)
\calc@Acount=\count193
\calc@Bcount=\count194
\calc@Adimen=\dimen141
\calc@Bdimen=\dimen142
\calc@Askip=\skip49
\calc@Bskip=\skip50
LaTeX Info: Redefining \setlength on input line 80.
LaTeX Info: Redefining \addtolength on input line 81.
\calc@Ccount=\count195
\calc@Cskip=\skip51
)
(/usr/share/texlive/texmf-dist/tex/latex/eso-pic/eso-pic.sty
Package: eso-pic 2020/10/14 v3.0a eso-pic (RN)
\ESO@tempdima=\dimen143
\ESO@tempdimb=\dimen144

(/usr/share/texlive/texmf-dist/tex/latex/xcolor/xcolor.sty
Package: xcolor 2021/10/31 v2.13 LaTeX color extensions (UK)

(/usr/share/texlive/texmf-dist/tex/latex/graphics-cfg/color.cfg
File: color.cfg 2016/01/02 v1.6 sample color configuration
)
Package xcolor Info: Driver file: pdftex.def on input line 227.
Package xcolor Info: Model `cmy' substituted by `cmy0' on input line 1352.
Package xcolor Info: Model `hsb' substituted by `rgb' on input line 1356.
Package xcolor Info: Model `RGB' extended on input line 1368.
Package xcolor Info: Model `HTML' substituted by `rgb' on input line 1370.
Package xcolor Info: Model `Hsb' substituted by `hsb' on input line 1371.
Package xcolor Info: Model `tHsb' substituted by `hsb' on input line 1372.
Package xcolor Info: Model `HSB' substituted by `hsb' on input line 1373.
Package xcolor Info: Model `Gray' substituted by `gray' on input line 1374.
Package xcolor Info: Model `wave' substituted by `hsb' on input line 1375.
))
\AM@pagewidth=\dimen145
\AM@pageheight=\dimen146
\AM@fboxrule=\dimen147

(/usr/share/texlive/texmf-dist/tex/latex/pdfpages/pppdftex.def
File: pppdftex.def 2022/01/29 v0.5u Pdfpages driver for pdfTeX (AM)
)
\pdfpages@includegraphics@status=\count196
\AM@pagebox=\box50
\AM@global@opts=\toks17
\AM@pagecnt=\count197
\AM@toc@title=\toks18
\c@AM@survey=\count198
\AM@templatesizebox=\box51
)
(/usr/share/texlive/texmf-dist/tex/latex/l3backend/l3backend-pdftex.def
File: l3backend-pdftex.def 2022-01-12 L3 backend support: PDF output (pdfTeX)
\l__color_backend_stack_int=\count199
\l__pdf_internal_box=\box52
)
(./midterm_soln.aux)
\openout1 = `midterm_soln.aux'.

LaTeX Font Info:    Checking defaults for OML/cmm/m/it on input line 8.
LaTeX Font Info:    ... okay on input line 8.
LaTeX Font Info:    Checking defaults for OMS/cmsy/m/n on input line 8.
LaTeX Font Info:    ... okay on input line 8.
LaTeX Font Info:    Checking defaults for OT1/cmr/m/n on input line 8.
LaTeX Font Info:    ... okay on input line 8.
LaTeX Font Info:    Checking defaults for T1/cmr/m/n on input line 8.
LaTeX Font Info:    ... okay on input line 8.
LaTeX Font Info:    Checking defaults for TS1/cmr/m/n on input line 8.
LaTeX Font Info:    ... okay on input line 8.
LaTeX Font Info:    Checking defaults for OMX/cmex/m/n on input line 8.
LaTeX Font Info:    ... okay on input line 8.
LaTeX Font Info:    Checking defaults for U/cmr/m/n on input line 8.
LaTeX Font Info:    ... okay on input line 8.

(/usr/share/texlive/texmf-dist/tex/context/base/mkii/supp-pdf.mkii
[Loading MPS to PDF converter (version 2006.09.02).]
\scratchcounter=\count266
\scratchdimen=\dimen148
\scratchbox=\box53
\nofMPsegments=\count267
\nofMParguments=\count268
\everyMPshowfont=\toks19
\MPscratchCnt=\count269
\MPscratchDim=\dimen149
\MPnumerator=\count270
\makeMPintoPDFobject=\count271
\everyMPtoPDFconversion=\toks20
) (/usr/share/texlive/texmf-dist/tex/latex/epstopdf-pkg/epstopdf-base.sty
Package: epstopdf-base 2020-01-24 v2.11 Base part for package epstopdf
Package epstopdf-base Info: Redefining graphics rule for `.eps' on input line 4
85.

(/usr/share/texlive/texmf-dist/tex/latex/latexconfig/epstopdf-sys.cfg
File: epstopdf-sys.cfg 2010/07/13 v1.3 Configuration of (r)epstopdf for TeX Liv
e
))
(/usr/share/texlive/texmf-dist/tex/latex/pdflscape/pdflscape.sty
Package: pdflscape 2019/12/05 v0.12 Display of landscape pages in PDF (HO)

(/usr/share/texlive/texmf-dist/tex/generic/iftex/iftex.sty
Package: iftex 2020/03/06 v1.0d TeX engine tests
)
(/usr/share/texlive/texmf-dist/tex/latex/graphics/lscape.sty
Package: lscape 2020/05/28 v3.02 Landscape Pages (DPC)
)
Package pdflscape Info: Auto-detected driver: pdftex on input line 81.
)
<page1.jpeg, id=1, 1814.78pt x 2481.27pt>
File: page1.jpeg Graphic file (type jpg)
<use page1.jpeg>
Package pdftex.def Info: page1.jpeg  used on input line 12.
(pdftex.def)             Requested size: 413.99895pt x 566.0232pt.

Overfull \hbox (68.99895pt too wide) in paragraph at lines 12--13
 [] 
 []

<page2.jpeg, id=2, 1922.18124pt x 2552.53625pt>
File: page2.jpeg Graphic file (type jpg)
<use page2.jpeg>
Package pdftex.def Info: page2.jpeg  used on input line 16.
(pdftex.def)             Requested size: 413.99895pt x 549.75832pt.

Overfull \hbox (68.99895pt too wide) in paragraph at lines 16--17
 [] 
 []

[1

 <./page1.jpeg>]
<screenshot123.png, id=8, 571.38469pt x 566.115pt>
File: screenshot123.png Graphic file (type png)
<use screenshot123.png>
Package pdftex.def Info: screenshot123.png  used on input line 20.
(pdftex.def)             Requested size: 345.0pt x 341.82253pt.
 [2 <./page2.jpeg>]
<screenshot124.png, id=13, 560.8453pt x 223.58531pt>
File: screenshot124.png Graphic file (type png)
<use screenshot124.png>
Package pdftex.def Info: screenshot124.png  used on input line 24.
(pdftex.def)             Requested size: 345.0pt x 137.53654pt.
<screenshot125.png, id=14, 611.28375pt x 523.20468pt>
File: screenshot125.png Graphic file (type png)
<use screenshot125.png>
Package pdftex.def Info: screenshot125.png  used on input line 28.
(pdftex.def)             Requested size: 345.0pt x 295.28387pt.
 [3 <./screenshot123.png> <./screenshot124.png>]
<screenshot126.png, id=20, 648.92438pt x 392.96812pt>
File: screenshot126.png Graphic file (type png)
<use screenshot126.png>
Package pdftex.def Info: screenshot126.png  used on input line 31.
(pdftex.def)             Requested size: 345.0pt x 208.92569pt.
<screenshot127.png, id=21, 648.92438pt x 392.96812pt>
File: screenshot127.png Graphic file (type png)
<use screenshot127.png>
Package pdftex.def Info: screenshot127.png  used on input line 35.
(pdftex.def)             Requested size: 345.0pt x 208.92569pt.
 [4 <./screenshot125.png> <./screenshot126.png>]
<screenshot128.png, id=27, 615.0478pt x 508.90125pt>
File: screenshot128.png Graphic file (type png)
<use screenshot128.png>
Package pdftex.def Info: screenshot128.png  used on input line 38.
(pdftex.def)             Requested size: 345.0pt x 285.4642pt.
<screenshot129.png, id=28, 626.34pt x 484.81125pt>
File: screenshot129.png Graphic file (type png)
<use screenshot129.png>
Package pdftex.def Info: screenshot129.png  used on input line 43.
(pdftex.def)             Requested size: 345.0pt x 267.05388pt.
 [5 <./screenshot127.png> <./screenshot128.png>]
<screenshot130.png, id=34, 613.54219pt x 359.09157pt>
File: screenshot130.png Graphic file (type png)
<use screenshot130.png>
Package pdftex.def Info: screenshot130.png  used on input line 46.
(pdftex.def)             Requested size: 345.0pt x 201.92274pt.
<screenshot131.png, id=35, 548.0475pt x 450.9347pt>
File: screenshot131.png Graphic file (type png)
<use screenshot131.png>
Package pdftex.def Info: screenshot131.png  used on input line 50.
(pdftex.def)             Requested size: 345.0pt x 283.87018pt.
 [6 <./screenshot129.png> <./screenshot130.png>]
<screenshot132.png, id=41, 565.36218pt x 377.15906pt>
File: screenshot132.png Graphic file (type png)
<use screenshot132.png>
Package pdftex.def Info: screenshot132.png  used on input line 53.
(pdftex.def)             Requested size: 345.0pt x 230.15877pt.
<screenshot133.png, id=42, 631.60968pt x 399.74344pt>
File: screenshot133.png Graphic file (type png)
<use screenshot133.png>
Package pdftex.def Info: screenshot133.png  used on input line 56.
(pdftex.def)             Requested size: 345.0pt x 218.35297pt.

[7 <./screenshot131.png> <./screenshot132.png>] [8 <./screenshot133.png>]
(./midterm_soln.aux) ) 
Here is how much of TeX's memory you used:
 2792 strings out of 478287
 44994 string characters out of 5849289
 335522 words of memory out of 5000000
 20997 multiletter control sequences out of 15000+600000
 469259 words of font info for 28 fonts, out of 8000000 for 9000
 1141 hyphenation exceptions out of 8191
 61i,5n,75p,210b,195s stack positions out of 5000i,500n,10000p,200000b,80000s

Output written on midterm_soln.pdf (8 pages, 3607963 bytes).
PDF statistics:
 56 PDF objects out of 1000 (max. 8388607)
 21 compressed objects within 1 object stream
 0 named destinations out of 1000 (max. 500000)
 66 words of extra memory for PDF output out of 10000 (max. 10000000)

